▲ Next.js 16.2.6 (Turbopack)
- Environments: .env.local

⚠ The "middleware" file convention is deprecated. Please use "proxy" instead. Learn more: https://nextjs.org/docs/messages/middleware-to-proxy
  Creating an optimized production build ...
✓ Compiled successfully in 10.0s
  Skipping validation of types
  Finished TypeScript config validation in 6ms ...
  Collecting page data using 1 worker ...
  Generating static pages using 1 worker (0/12) ...
  Generating static pages using 1 worker (3/12) 
  Generating static pages using 1 worker (6/12) 
  Generating static pages using 1 worker (9/12) 
✓ Generating static pages using 1 worker (12/12) in 359ms
  Finalizing page optimization ...

Route (app)
┌ ○ /
├ ○ /_not-found
├ ○ /analytics
├ ƒ /auth/callback/[platform]
├ ○ /dashboard
├ ○ /design-center
├ ○ /empire-center
├ ○ /link-center
├ ○ /onboarding
├ ƒ /p/[id]
├ ○ /review
├ ○ /settings
└ ○ /studio


ƒ Proxy (Middleware)

○  (Static)   prerendered as static content
ƒ  (Dynamic)  server-rendered on demand

