
> EmpireLaunchAI-frontend@0.1.0 build
> next build

   ▲ Next.js 15.1.0

   Creating an optimized production build ...
 ✓ Compiled successfully
   Skipping validation of types
   Skipping linting
   Collecting page data ...
   Generating static pages (0/13) ...
Error occurred prerendering page "/dashboard". Read more: https://nextjs.org/docs/messages/prerender-error
ReferenceError: Palette is not defined
    at 81300 (/home/team/shared/EmpireLaunchAI-frontend/.next/server/chunks/407.js:1:2992)
    at t (/home/team/shared/EmpireLaunchAI-frontend/.next/server/webpack-runtime.js:1:127)
    at 45623 (/home/team/shared/EmpireLaunchAI-frontend/.next/server/app/(authenticated)/dashboard/page.js:2:129316)
    at Object.t [as require] (/home/team/shared/EmpireLaunchAI-frontend/.next/server/webpack-runtime.js:1:127)
    at require (/home/team/shared/EmpireLaunchAI-frontend/node_modules/next/dist/compiled/next-server/app-page.runtime.prod.js:131:7946)
    at u (/home/team/shared/EmpireLaunchAI-frontend/node_modules/next/dist/compiled/next-server/app-page.runtime.prod.js:36:646)
    at F (/home/team/shared/EmpireLaunchAI-frontend/node_modules/next/dist/compiled/next-server/app-page.runtime.prod.js:36:10477)
    at W (/home/team/shared/EmpireLaunchAI-frontend/node_modules/next/dist/compiled/next-server/app-page.runtime.prod.js:36:13033)
    at /home/team/shared/EmpireLaunchAI-frontend/node_modules/next/dist/compiled/next-server/app-page.runtime.prod.js:36:15283
    at Z._fromJSON (/home/team/shared/EmpireLaunchAI-frontend/node_modules/next/dist/compiled/next-server/app-page.runtime.prod.js:36:15317)
Export encountered an error on /(authenticated)/dashboard/page: /dashboard, exiting the build.
 ⨯ Static worker exited with code: 1 and signal: null
